[ 2014-06-14T09:12:48+08:00 ] 127.0.0.1 /
INFO: [ app_begin ] --START--
INFO: Run ReadHtmlCache Behavior [ RunTime:0.002137s ]
INFO: [ app_begin ] --END-- [ RunTime:0.002362s ]
NOTIC: [2] Cannot use a scalar value as an array E:\wamp\www\hezuo\weiqiye\_Core\Lib\Core\Action.class.php 第 206 行.
INFO: [ view_template ] --START--
INFO: Run LocationTemplate Behavior [ RunTime:-0.009940s ]
INFO: [ view_template ] --END-- [ RunTime:0.002650s ]
INFO: [ view_parse ] --START--
NOTIC: [2] file_get_contents(./tpl/Home/weiqiye/Public_qq.html) [<a href='function.file-get-contents'>function.file-get-contents</a>]: failed to open stream: No such file or directory E:\wamp\www\hezuo\weiqiye\_Core\Lib\Template\ThinkTemplate.class.php 第 624 行.
NOTIC: [8] Use of undefined constant uid - assumed 'uid' E:\wamp\www\hezuo\weiqiyedata\logs\Cache\Home\aff3733181f1531985ee3dd665b62527.php 第 78 行.
NOTIC: [8] Undefined index:  uid E:\wamp\www\hezuo\weiqiyedata\logs\Cache\Home\aff3733181f1531985ee3dd665b62527.php 第 78 行.
INFO: Run ParseTemplate Behavior [ RunTime:-0.012763s ]
INFO: [ view_parse ] --END-- [ RunTime:0.121945s ]
INFO: [ view_filter ] --START--
INFO: Run ContentReplace Behavior [ RunTime:-0.134797s ]
INFO: Run TokenBuild Behavior [ RunTime:-0.137097s ]
INFO: Run WriteHtmlCache Behavior [ RunTime:-0.139369s ]
INFO: Run ShowRuntime Behavior [ RunTime:-0.140892s ]
INFO: [ view_filter ] --END-- [ RunTime:0.008117s ]
INFO: [ view_end ] --START--
INFO: Run ShowPageTrace Behavior [ RunTime:-0.143099s ]
INFO: [ view_end ] --END-- [ RunTime:0.002442s ]

[ 2014-06-14T09:12:57+08:00 ] 127.0.0.1 /index.php?m=Index&a=login
INFO: [ app_begin ] --START--
INFO: Run ReadHtmlCache Behavior [ RunTime:0.003137s ]
INFO: [ app_begin ] --END-- [ RunTime:0.003341s ]
NOTIC: [2] Cannot use a scalar value as an array E:\wamp\www\hezuo\weiqiye\_Core\Lib\Core\Action.class.php 第 206 行.
INFO: [ view_template ] --START--
INFO: Run LocationTemplate Behavior [ RunTime:-0.012432s ]
INFO: [ view_template ] --END-- [ RunTime:0.004053s ]
INFO: [ view_parse ] --START--
INFO: Run ParseTemplate Behavior [ RunTime:-0.016628s ]
INFO: [ view_parse ] --END-- [ RunTime:0.049585s ]
INFO: [ view_filter ] --START--
INFO: Run ContentReplace Behavior [ RunTime:-0.066330s ]
INFO: Run TokenBuild Behavior [ RunTime:-0.068962s ]
INFO: Run WriteHtmlCache Behavior [ RunTime:-0.071948s ]
INFO: Run ShowRuntime Behavior [ RunTime:-0.074588s ]
INFO: [ view_filter ] --END-- [ RunTime:0.011285s ]
INFO: [ view_end ] --START--
INFO: Run ShowPageTrace Behavior [ RunTime:-0.077808s ]
INFO: [ view_end ] --END-- [ RunTime:0.003315s ]

[ 2014-06-14T09:13:03+08:00 ] 127.0.0.1 /index.php?m=Users&a=checklogin
INFO: [ app_begin ] --START--
INFO: Run ReadHtmlCache Behavior [ RunTime:0.002082s ]
INFO: [ app_begin ] --END-- [ RunTime:0.002277s ]
NOTIC: [2] Cannot use a scalar value as an array E:\wamp\www\hezuo\weiqiye\_Core\Lib\Core\Action.class.php 第 206 行.
SQL: SHOW COLUMNS FROM `wqy_users` [ RunTime:0.004191s ]
SQL: SELECT * FROM `wqy_users` WHERE ( `username` = '123456' ) LIMIT 1   [ RunTime:0.000556s ]
SQL: SHOW COLUMNS FROM `wqy_user_group` [ RunTime:0.003742s ]
SQL: SELECT * FROM `wqy_user_group` WHERE ( `id` = 4 ) LIMIT 1   [ RunTime:0.000509s ]
SQL: UPDATE `wqy_users` SET `lasttime`=1402708383,`lastloginmonth`=6,`lastip`='127.0.0.1' WHERE ( `id` = 1 ) [ RunTime:0.000506s ]
INFO: [ view_template ] --START--
INFO: Run LocationTemplate Behavior [ RunTime:-0.115593s ]
INFO: [ view_template ] --END-- [ RunTime:0.002697s ]
INFO: [ view_parse ] --START--
INFO: Run ParseTemplate Behavior [ RunTime:-0.118414s ]
INFO: [ view_parse ] --END-- [ RunTime:0.035354s ]
INFO: [ view_filter ] --START--
INFO: Run ContentReplace Behavior [ RunTime:-0.153891s ]
INFO: Run TokenBuild Behavior [ RunTime:-0.155714s ]
INFO: Run WriteHtmlCache Behavior [ RunTime:-0.157756s ]
INFO: Run ShowRuntime Behavior [ RunTime:-0.159830s ]
INFO: [ view_filter ] --END-- [ RunTime:0.008095s ]
INFO: [ view_end ] --START--
INFO: Run ShowPageTrace Behavior [ RunTime:-0.162160s ]
INFO: [ view_end ] --END-- [ RunTime:0.002315s ]

[ 2014-06-14T09:13:04+08:00 ] 127.0.0.1 /index.php?g=User&m=Index&a=index
INFO: [ app_begin ] --START--
INFO: Run ReadHtmlCache Behavior [ RunTime:0.001127s ]
INFO: [ app_begin ] --END-- [ RunTime:0.001311s ]
NOTIC: [2] Cannot use a scalar value as an array E:\wamp\www\hezuo\weiqiye\_Core\Lib\Core\Action.class.php 第 206 行.
SQL: SHOW COLUMNS FROM `wqy_user_group` [ RunTime:0.003770s ]
SQL: SELECT * FROM `wqy_user_group` WHERE ( `id` = 4 ) LIMIT 1   [ RunTime:0.000429s ]
SQL: SHOW COLUMNS FROM `wqy_users` [ RunTime:0.004113s ]
SQL: SELECT * FROM `wqy_users` WHERE ( `id` = 1 ) LIMIT 1   [ RunTime:0.000460s ]
SQL: SHOW COLUMNS FROM `wqy_wxuser` [ RunTime:0.004400s ]
SQL: SELECT `wxname`,`wxid`,`headerpic`,`weixin` FROM `wqy_wxuser` WHERE ( `token` = null ) AND ( `uid` = 1 ) LIMIT 1   [ RunTime:0.000500s ]
SQL: SHOW COLUMNS FROM `wqy_wxuser_message` [ RunTime:0.004047s ]
NOTIC: [8] Undefined index:  wxid E:\wamp\www\hezuo\weiqiye\Lib\Action\UserAction.class.php 第 25 行.
SQL: SELECT COUNT(*) AS tp_count FROM `wqy_wxuser_message` WHERE ( `ToUserName` = null ) AND ( `MsgType` = 'text' ) LIMIT 1   [ RunTime:0.000358s ]
NOTIC: [8] Undefined index:  wxid E:\wamp\www\hezuo\weiqiye\Lib\Action\UserAction.class.php 第 26 行.
SQL: SELECT COUNT(*) AS tp_count FROM `wqy_wxuser_message` WHERE ( `ToUserName` = null ) AND ( `MsgType` = 'image' ) LIMIT 1   [ RunTime:0.000339s ]
NOTIC: [8] Undefined index:  wxid E:\wamp\www\hezuo\weiqiye\Lib\Action\UserAction.class.php 第 27 行.
SQL: SELECT COUNT(*) AS tp_count FROM `wqy_wxuser_message` WHERE ( `ToUserName` = null ) AND ( `MsgType` = 'voice' ) LIMIT 1   [ RunTime:0.000369s ]
NOTIC: [8] Undefined index:  wxid E:\wamp\www\hezuo\weiqiye\Lib\Action\UserAction.class.php 第 28 行.
SQL: SELECT COUNT(distinct CreateTime) AS tp_count FROM `wqy_wxuser_message` WHERE ( `ToUserName` = null ) AND ( `MsgType` = 'unsubscribe' ) LIMIT 1   [ RunTime:0.000357s ]
NOTIC: [8] Undefined index:  wxid E:\wamp\www\hezuo\weiqiye\Lib\Action\UserAction.class.php 第 29 行.
SQL: SELECT COUNT(*) AS tp_count FROM `wqy_wxuser_message` WHERE ( `ToUserName` = null ) AND ( `MsgType` = 'subscribe' ) LIMIT 1   [ RunTime:0.000327s ]
SQL: SHOW COLUMNS FROM `wqy_user_group` [ RunTime:0.003670s ]
SQL: SELECT * FROM `wqy_user_group`  [ RunTime:0.000490s ]
SQL: SELECT COUNT(*) AS tp_count FROM `wqy_wxuser` WHERE ( `uid` = 1 ) LIMIT 1   [ RunTime:0.000382s ]
SQL: SELECT * FROM `wqy_wxuser` WHERE ( `uid` = 1 ) ORDER BY id desc LIMIT 0,25   [ RunTime:0.000499s ]
INFO: [ view_template ] --START--
INFO: Run LocationTemplate Behavior [ RunTime:-0.187920s ]
INFO: [ view_template ] --END-- [ RunTime:0.002110s ]
INFO: [ view_parse ] --START--
NOTIC: [8] Undefined index:  weixin E:\wamp\www\hezuo\weiqiyedata\logs\Cache\User\56f7804e54d354c9c14b7fc522e75478.php 第 69 行.
NOTIC: [8] Undefined index:  id E:\wamp\www\hezuo\weiqiyedata\logs\Cache\User\56f7804e54d354c9c14b7fc522e75478.php 第 74 行.
NOTIC: [8] Undefined index:  id E:\wamp\www\hezuo\weiqiyedata\logs\Cache\User\56f7804e54d354c9c14b7fc522e75478.php 第 75 行.
NOTIC: [8] Use of undefined constant headerpic - assumed 'headerpic' E:\wamp\www\hezuo\weiqiyedata\logs\Cache\User\56f7804e54d354c9c14b7fc522e75478.php 第 121 行.
NOTIC: [2] date() expects parameter 2 to be long, string given E:\wamp\www\hezuo\weiqiyedata\logs\Cache\User\56f7804e54d354c9c14b7fc522e75478.php 第 123 行.
INFO: Run ParseTemplate Behavior [ RunTime:-0.190157s ]
INFO: [ view_parse ] --END-- [ RunTime:0.040532s ]
INFO: [ view_filter ] --START--
INFO: Run ContentReplace Behavior [ RunTime:-0.230820s ]
INFO: Run TokenBuild Behavior [ RunTime:-0.231685s ]
INFO: Run WriteHtmlCache Behavior [ RunTime:-0.232704s ]
INFO: Run ShowRuntime Behavior [ RunTime:-0.233267s ]
INFO: [ view_filter ] --END-- [ RunTime:0.003480s ]
INFO: [ view_end ] --START--
INFO: Run ShowPageTrace Behavior [ RunTime:-0.234462s ]
INFO: [ view_end ] --END-- [ RunTime:0.001365s ]

[ 2014-06-14T09:13:28+08:00 ] 127.0.0.1 /index.php?g=User&m=Function&a=index&id=1&token=26bdd567f504e73
INFO: [ app_begin ] --START--
INFO: Run ReadHtmlCache Behavior [ RunTime:0.002316s ]
INFO: [ app_begin ] --END-- [ RunTime:0.002515s ]
NOTIC: [2] Cannot use a scalar value as an array E:\wamp\www\hezuo\weiqiye\_Core\Lib\Core\Action.class.php 第 206 行.
SQL: SHOW COLUMNS FROM `wqy_user_group` [ RunTime:0.003831s ]
SQL: SELECT * FROM `wqy_user_group` WHERE ( `id` = 4 ) LIMIT 1   [ RunTime:0.000453s ]
SQL: SHOW COLUMNS FROM `wqy_users` [ RunTime:0.003691s ]
SQL: SELECT * FROM `wqy_users` WHERE ( `id` = 1 ) LIMIT 1   [ RunTime:0.000453s ]
SQL: SHOW COLUMNS FROM `wqy_wxuser` [ RunTime:0.004393s ]
SQL: SELECT `wxname`,`wxid`,`headerpic`,`weixin` FROM `wqy_wxuser` WHERE ( `token` = null ) AND ( `uid` = 1 ) LIMIT 1   [ RunTime:0.000388s ]
SQL: SHOW COLUMNS FROM `wqy_wxuser_message` [ RunTime:0.003605s ]
NOTIC: [8] Undefined index:  wxid E:\wamp\www\hezuo\weiqiye\Lib\Action\UserAction.class.php 第 25 行.
SQL: SELECT COUNT(*) AS tp_count FROM `wqy_wxuser_message` WHERE ( `ToUserName` = null ) AND ( `MsgType` = 'text' ) LIMIT 1   [ RunTime:0.000372s ]
NOTIC: [8] Undefined index:  wxid E:\wamp\www\hezuo\weiqiye\Lib\Action\UserAction.class.php 第 26 行.
SQL: SELECT COUNT(*) AS tp_count FROM `wqy_wxuser_message` WHERE ( `ToUserName` = null ) AND ( `MsgType` = 'image' ) LIMIT 1   [ RunTime:0.000389s ]
NOTIC: [8] Undefined index:  wxid E:\wamp\www\hezuo\weiqiye\Lib\Action\UserAction.class.php 第 27 行.
SQL: SELECT COUNT(*) AS tp_count FROM `wqy_wxuser_message` WHERE ( `ToUserName` = null ) AND ( `MsgType` = 'voice' ) LIMIT 1   [ RunTime:0.000304s ]
NOTIC: [8] Undefined index:  wxid E:\wamp\www\hezuo\weiqiye\Lib\Action\UserAction.class.php 第 28 行.
SQL: SELECT COUNT(distinct CreateTime) AS tp_count FROM `wqy_wxuser_message` WHERE ( `ToUserName` = null ) AND ( `MsgType` = 'unsubscribe' ) LIMIT 1   [ RunTime:0.000299s ]
NOTIC: [8] Undefined index:  wxid E:\wamp\www\hezuo\weiqiye\Lib\Action\UserAction.class.php 第 29 行.
SQL: SELECT COUNT(*) AS tp_count FROM `wqy_wxuser_message` WHERE ( `ToUserName` = null ) AND ( `MsgType` = 'subscribe' ) LIMIT 1   [ RunTime:0.000325s ]
SQL: SELECT * FROM `wqy_wxuser` WHERE ( `id` = 1 ) LIMIT 1   [ RunTime:0.000497s ]
SQL: SHOW COLUMNS FROM `wqy_token_open` [ RunTime:0.003257s ]
SQL: SELECT `id`,`queryname` FROM `wqy_token_open` WHERE ( `token` = '26bdd567f504e73' ) AND ( `uid` = 1 ) LIMIT 1   [ RunTime:0.000459s ]
SQL: SELECT `id`,`name` FROM `wqy_user_group` WHERE status=1  [ RunTime:0.000348s ]
SQL: SHOW COLUMNS FROM `wqy_function` [ RunTime:0.004016s ]
SQL: SELECT * FROM `wqy_function` WHERE ( `status` = 1 ) AND ( `gid` = 1 )  [ RunTime:0.007940s ]
SQL: SELECT * FROM `wqy_function` WHERE ( `status` = 1 ) AND ( `gid` = 2 )  [ RunTime:0.000563s ]
SQL: SELECT * FROM `wqy_function` WHERE ( `status` = 1 ) AND ( `gid` = 3 )  [ RunTime:0.000424s ]
SQL: SELECT * FROM `wqy_function` WHERE ( `status` = 1 ) AND ( `gid` = 4 )  [ RunTime:0.000682s ]
SQL: SELECT `wxname`,`wxid`,`headerpic`,`weixin` FROM `wqy_wxuser` WHERE ( `token` = '26bdd567f504e73' ) AND ( `uid` = 1 ) LIMIT 1   [ RunTime:0.000384s ]
INFO: [ view_template ] --START--
INFO: Run LocationTemplate Behavior [ RunTime:-0.240922s ]
INFO: [ view_template ] --END-- [ RunTime:0.003782s ]
INFO: [ view_parse ] --START--
INFO: Run ParseTemplate Behavior [ RunTime:-0.244736s ]
INFO: [ view_parse ] --END-- [ RunTime:0.114436s ]
INFO: [ view_filter ] --START--
INFO: Run ContentReplace Behavior [ RunTime:-0.359301s ]
INFO: Run TokenBuild Behavior [ RunTime:-0.361934s ]
INFO: Run WriteHtmlCache Behavior [ RunTime:-0.364322s ]
INFO: Run ShowRuntime Behavior [ RunTime:-0.365941s ]
INFO: [ view_filter ] --END-- [ RunTime:0.009015s ]
INFO: [ view_end ] --START--
INFO: Run ShowPageTrace Behavior [ RunTime:-0.368521s ]
INFO: [ view_end ] --END-- [ RunTime:0.002416s ]

[ 2014-06-14T09:13:32+08:00 ] 127.0.0.1 /index.php?g=User&m=Product&a=index&token=26bdd567f504e73
INFO: [ app_begin ] --START--
INFO: Run ReadHtmlCache Behavior [ RunTime:0.001212s ]
INFO: [ app_begin ] --END-- [ RunTime:0.001401s ]
NOTIC: [2] Cannot use a scalar value as an array E:\wamp\www\hezuo\weiqiye\_Core\Lib\Core\Action.class.php 第 206 行.
SQL: SHOW COLUMNS FROM `wqy_user_group` [ RunTime:0.003684s ]
SQL: SELECT * FROM `wqy_user_group` WHERE ( `id` = 4 ) LIMIT 1   [ RunTime:0.000395s ]
SQL: SHOW COLUMNS FROM `wqy_users` [ RunTime:0.003750s ]
SQL: SELECT * FROM `wqy_users` WHERE ( `id` = 1 ) LIMIT 1   [ RunTime:0.000479s ]
SQL: SHOW COLUMNS FROM `wqy_wxuser` [ RunTime:0.004399s ]
SQL: SELECT `wxname`,`wxid`,`headerpic`,`weixin` FROM `wqy_wxuser` WHERE ( `token` = '26bdd567f504e73' ) AND ( `uid` = 1 ) LIMIT 1   [ RunTime:0.000421s ]
SQL: SHOW COLUMNS FROM `wqy_wxuser_message` [ RunTime:0.003746s ]
SQL: SELECT COUNT(*) AS tp_count FROM `wqy_wxuser_message` WHERE ( `ToUserName` = 'gh_17f12e00d409' ) AND ( `MsgType` = 'text' ) LIMIT 1   [ RunTime:0.000347s ]
SQL: SELECT COUNT(*) AS tp_count FROM `wqy_wxuser_message` WHERE ( `ToUserName` = 'gh_17f12e00d409' ) AND ( `MsgType` = 'image' ) LIMIT 1   [ RunTime:0.000295s ]
SQL: SELECT COUNT(*) AS tp_count FROM `wqy_wxuser_message` WHERE ( `ToUserName` = 'gh_17f12e00d409' ) AND ( `MsgType` = 'voice' ) LIMIT 1   [ RunTime:0.000368s ]
SQL: SELECT COUNT(distinct CreateTime) AS tp_count FROM `wqy_wxuser_message` WHERE ( `ToUserName` = 'gh_17f12e00d409' ) AND ( `MsgType` = 'unsubscribe' ) LIMIT 1   [ RunTime:0.000297s ]
SQL: SELECT COUNT(*) AS tp_count FROM `wqy_wxuser_message` WHERE ( `ToUserName` = 'gh_17f12e00d409' ) AND ( `MsgType` = 'subscribe' ) LIMIT 1   [ RunTime:0.000310s ]
SQL: SHOW COLUMNS FROM `wqy_token_open` [ RunTime:0.003230s ]
SQL: SELECT `queryname` FROM `wqy_token_open` WHERE ( `token` = '26bdd567f504e73' ) LIMIT 1   [ RunTime:0.000386s ]
NOTIC: [8] Undefined index:  catid E:\wamp\www\hezuo\weiqiye\Lib\Action\User\ProductAction.class.php 第 23 行.
SQL: SHOW COLUMNS FROM `wqy_product` [ RunTime:0.003578s ]
SQL: SHOW COLUMNS FROM `wqy_product_cat` [ RunTime:0.003229s ]
SQL: SELECT COUNT(*) AS tp_count FROM `wqy_product` WHERE ( `token` = '26bdd567f504e73' ) AND ( `dining` = 0 ) AND ( `groupon` <> 1 ) LIMIT 1   [ RunTime:0.000339s ]
SQL: SELECT * FROM `wqy_product` WHERE ( `token` = '26bdd567f504e73' ) AND ( `dining` = 0 ) AND ( `groupon` <> 1 ) ORDER BY id desc LIMIT 0,12   [ RunTime:0.000461s ]
INFO: [ view_template ] --START--
INFO: Run LocationTemplate Behavior [ RunTime:-0.097111s ]
INFO: [ view_template ] --END-- [ RunTime:0.001912s ]
INFO: [ view_parse ] --START--
NOTIC: [8] Undefined index:  id E:\wamp\www\hezuo\weiqiyedata\logs\Cache\User\b7417a956dcaddc2780c9684a494cee5.php 第 82 行.
NOTIC: [8] Undefined index:  id E:\wamp\www\hezuo\weiqiyedata\logs\Cache\User\b7417a956dcaddc2780c9684a494cee5.php 第 83 行.
INFO: Run ParseTemplate Behavior [ RunTime:-0.099138s ]
INFO: [ view_parse ] --END-- [ RunTime:0.088114s ]
INFO: [ view_filter ] --START--
INFO: Run ContentReplace Behavior [ RunTime:-0.187400s ]
INFO: Run TokenBuild Behavior [ RunTime:-0.188489s ]
INFO: Run WriteHtmlCache Behavior [ RunTime:-0.189715s ]
INFO: Run ShowRuntime Behavior [ RunTime:-0.190246s ]
INFO: [ view_filter ] --END-- [ RunTime:0.004032s ]
INFO: [ view_end ] --START--
INFO: Run ShowPageTrace Behavior [ RunTime:-0.191607s ]
INFO: [ view_end ] --END-- [ RunTime:0.001284s ]

[ 2014-06-14T09:13:36+08:00 ] 127.0.0.1 /index.php?g=User&m=Product&a=index&token=26bdd567f504e73
INFO: [ app_begin ] --START--
INFO: Run ReadHtmlCache Behavior [ RunTime:0.003295s ]
INFO: [ app_begin ] --END-- [ RunTime:0.003493s ]
NOTIC: [2] Cannot use a scalar value as an array E:\wamp\www\hezuo\weiqiye\_Core\Lib\Core\Action.class.php 第 206 行.
SQL: SHOW COLUMNS FROM `wqy_user_group` [ RunTime:0.003689s ]
SQL: SELECT * FROM `wqy_user_group` WHERE ( `id` = 4 ) LIMIT 1   [ RunTime:0.000421s ]
SQL: SHOW COLUMNS FROM `wqy_users` [ RunTime:0.003956s ]
SQL: SELECT * FROM `wqy_users` WHERE ( `id` = 1 ) LIMIT 1   [ RunTime:0.000433s ]
SQL: SHOW COLUMNS FROM `wqy_wxuser` [ RunTime:0.004425s ]
SQL: SELECT `wxname`,`wxid`,`headerpic`,`weixin` FROM `wqy_wxuser` WHERE ( `token` = '26bdd567f504e73' ) AND ( `uid` = 1 ) LIMIT 1   [ RunTime:0.000460s ]
SQL: SHOW COLUMNS FROM `wqy_wxuser_message` [ RunTime:0.003670s ]
SQL: SELECT COUNT(*) AS tp_count FROM `wqy_wxuser_message` WHERE ( `ToUserName` = 'gh_17f12e00d409' ) AND ( `MsgType` = 'text' ) LIMIT 1   [ RunTime:0.000407s ]
SQL: SELECT COUNT(*) AS tp_count FROM `wqy_wxuser_message` WHERE ( `ToUserName` = 'gh_17f12e00d409' ) AND ( `MsgType` = 'image' ) LIMIT 1   [ RunTime:0.000358s ]
SQL: SELECT COUNT(*) AS tp_count FROM `wqy_wxuser_message` WHERE ( `ToUserName` = 'gh_17f12e00d409' ) AND ( `MsgType` = 'voice' ) LIMIT 1   [ RunTime:0.000292s ]
SQL: SELECT COUNT(distinct CreateTime) AS tp_count FROM `wqy_wxuser_message` WHERE ( `ToUserName` = 'gh_17f12e00d409' ) AND ( `MsgType` = 'unsubscribe' ) LIMIT 1   [ RunTime:0.000310s ]
SQL: SELECT COUNT(*) AS tp_count FROM `wqy_wxuser_message` WHERE ( `ToUserName` = 'gh_17f12e00d409' ) AND ( `MsgType` = 'subscribe' ) LIMIT 1   [ RunTime:0.000302s ]
SQL: SHOW COLUMNS FROM `wqy_token_open` [ RunTime:0.003276s ]
SQL: SELECT `queryname` FROM `wqy_token_open` WHERE ( `token` = '26bdd567f504e73' ) LIMIT 1   [ RunTime:0.000415s ]
NOTIC: [8] Undefined index:  catid E:\wamp\www\hezuo\weiqiye\Lib\Action\User\ProductAction.class.php 第 23 行.
SQL: SHOW COLUMNS FROM `wqy_product` [ RunTime:0.003795s ]
SQL: SHOW COLUMNS FROM `wqy_product_cat` [ RunTime:0.003472s ]
SQL: SELECT COUNT(*) AS tp_count FROM `wqy_product` WHERE ( `token` = '26bdd567f504e73' ) AND ( `dining` = 0 ) AND ( `groupon` <> 1 ) LIMIT 1   [ RunTime:0.000335s ]
SQL: SELECT * FROM `wqy_product` WHERE ( `token` = '26bdd567f504e73' ) AND ( `dining` = 0 ) AND ( `groupon` <> 1 ) ORDER BY id desc LIMIT 0,12   [ RunTime:0.000512s ]
INFO: [ view_template ] --START--
INFO: Run LocationTemplate Behavior [ RunTime:-0.088901s ]
INFO: [ view_template ] --END-- [ RunTime:0.003874s ]
INFO: [ view_parse ] --START--
NOTIC: [8] Undefined index:  id E:\wamp\www\hezuo\weiqiyedata\logs\Cache\User\b7417a956dcaddc2780c9684a494cee5.php 第 82 行.
NOTIC: [8] Undefined index:  id E:\wamp\www\hezuo\weiqiyedata\logs\Cache\User\b7417a956dcaddc2780c9684a494cee5.php 第 83 行.
INFO: Run ParseTemplate Behavior [ RunTime:-0.092890s ]
INFO: [ view_parse ] --END-- [ RunTime:0.102245s ]
INFO: [ view_filter ] --START--
INFO: Run ContentReplace Behavior [ RunTime:-0.195275s ]
INFO: Run TokenBuild Behavior [ RunTime:-0.198345s ]
INFO: Run WriteHtmlCache Behavior [ RunTime:-0.201649s ]
INFO: Run ShowRuntime Behavior [ RunTime:-0.204234s ]
INFO: [ view_filter ] --END-- [ RunTime:0.011996s ]
INFO: [ view_end ] --START--
INFO: Run ShowPageTrace Behavior [ RunTime:-0.207459s ]
INFO: [ view_end ] --END-- [ RunTime:0.003143s ]

